AimhusterMap/proguard.cfg
-libraryjars libs/android-support-v4.jar
-libraryjars libs/baidumapapi_v2_1_2.jar
-libraryjars libs/bcprov-ext-jdk16-146.jar
-libraryjars libs/locSDK_3.1.jar
-libraryjars libs/umeng_sdk.jar

-optimizationpasses 5
-dontusemixedcaseclassnames
-dontskipnonpubliclibraryclasses
-dontpreverify
-verbose
-optimizations !code/simplification/arithmetic,!field/*,!class/merging/*

-keep public class * extends android.app.Activity
-keep public class * extends android.app.Application
-keep public class * extends android.app.Service
-keep public class * extends android.content.BroadcastReceiver
-keep public class * extends android.content.ContentProvider
-keep public class * extends android.app.backup.BackupAgentHelper
-keep public class * extends android.preference.Preference
-keep public class com.android.vending.licensing.ILicensingService


-dontwarn com.umeng.update.**

-keep public class com.example.aimhustermap.R$*{
    public static final int *;
}

-keep class com.baidu.mapapi.**{*;}
-keep interface org.bouncycastle.**{*;}

-dontwarn org.bouncycastle.**


-keepclasseswithmembernames class * {
    native <methods>;
}
-keepclassmembers class * {
   public <init>(org.json.JSONObject);
}

-keepclasseswithmembers class * {
    public <init>(android.content.Context, android.util.AttributeSet);
}

-keepclasseswithmembers class * {
    public <init>(android.content.Context, android.util.AttributeSet, int);
}

-keepclassmembers class * extends android.app.Activity {
   public void *(android.view.View);
}

-keepclassmembers enum * {
    public static **[] values();
    public static ** valueOf(java.lang.String);
}

-keep class * implements android.os.Parcelable {
  public static final android.os.Parcelable$Creator *;
}

-keep class javax.naming.directory.DirContext.**{*;}

-dontwarn javax.naming.directory.DirContext.**