AimhusterMap/proguard/seeds.txt
com.example.aimhustermap.AboutActivity
com.example.aimhustermap.AboutActivity: AboutActivity()
com.example.aimhustermap.BaseMap
com.example.aimhustermap.BaseMap: BaseMap()
com.example.aimhustermap.ClassifyListView
com.example.aimhustermap.ClassifyListView: ClassifyListView()
com.example.aimhustermap.ClassifyListView: void OnFenleiItemBtnClick(android.view.View)
com.example.aimhustermap.FeedbackActivity
com.example.aimhustermap.FeedbackActivity: FeedbackActivity()
com.example.aimhustermap.GuideActivity
com.example.aimhustermap.GuideActivity: GuideActivity()
com.example.aimhustermap.HusterMain
com.example.aimhustermap.HusterMain: HusterMain()
com.example.aimhustermap.HusterMain: void OnFenleiItemBtnClick(android.view.View)
com.example.aimhustermap.HusterMain: void noaddress_click(android.view.View)
com.example.aimhustermap.Lanucher_Activity
com.example.aimhustermap.Lanucher_Activity: Lanucher_Activity()
com.example.aimhustermap.ManagerApp
com.example.aimhustermap.ManagerApp: ManagerApp()
com.example.aimhustermap.NavigateActivity
com.example.aimhustermap.NavigateActivity: NavigateActivity()
com.example.aimhustermap.R$anim
com.example.aimhustermap.R$anim: int left_right_in
com.example.aimhustermap.R$anim: int left_right_out
com.example.aimhustermap.R$anim: int popup_animation
com.example.aimhustermap.R$anim: int popup_dismiss
com.example.aimhustermap.R$anim: int popup_display
com.example.aimhustermap.R$anim: int push_left_in
com.example.aimhustermap.R$anim: int push_left_out
com.example.aimhustermap.R$anim: int translate_dismiss
com.example.aimhustermap.R$anim: int translate_display
com.example.aimhustermap.R$array
com.example.aimhustermap.R$array: int lat
com.example.aimhustermap.R$array: int lat_navigate
com.example.aimhustermap.R$array: int lon
com.example.aimhustermap.R$array: int lon_navigate
com.example.aimhustermap.R$array: int navigate_array
com.example.aimhustermap.R$array: int navigate_places
com.example.aimhustermap.R$array: int poi_name
com.example.aimhustermap.R$attr
com.example.aimhustermap.R$color
com.example.aimhustermap.R$color: int DarkOliveGreen
com.example.aimhustermap.R$color: int DarkSlateGray
com.example.aimhustermap.R$color: int Honeydew
com.example.aimhustermap.R$color: int WHITE
com.example.aimhustermap.R$color: int backgray
com.example.aimhustermap.R$color: int background_gray
com.example.aimhustermap.R$color: int bg_white
com.example.aimhustermap.R$color: int black
com.example.aimhustermap.R$color: int c1
com.example.aimhustermap.R$color: int c2
com.example.aimhustermap.R$color: int c3
com.example.aimhustermap.R$color: int c4
com.example.aimhustermap.R$color: int c5
com.example.aimhustermap.R$color: int c6
com.example.aimhustermap.R$color: int c7
com.example.aimhustermap.R$color: int cBG
com.example.aimhustermap.R$color: int cTOP
com.example.aimhustermap.R$color: int exit_pressed_redl
com.example.aimhustermap.R$color: int exit_redh
com.example.aimhustermap.R$color: int exit_redl
com.example.aimhustermap.R$color: int exit_redm
com.example.aimhustermap.R$color: int exit_redp
com.example.aimhustermap.R$color: int fenlei_btn_bg
com.example.aimhustermap.R$color: int gray
com.example.aimhustermap.R$color: int green
com.example.aimhustermap.R$color: int umeng_fb_color_btn_normal
com.example.aimhustermap.R$color: int umeng_fb_color_btn_pressed
com.example.aimhustermap.R$color: int whitegray
...
org.bouncycastle.asn1.ASN1ApplicationSpecificParser
org.bouncycastle.asn1.ASN1ApplicationSpecificParser: org.bouncycastle.asn1.DEREncodable readObject()
org.bouncycastle.asn1.ASN1Choice
org.bouncycastle.asn1.ASN1OctetStringParser
org.bouncycastle.asn1.ASN1OctetStringParser: java.io.InputStream getOctetStream()
org.bouncycastle.asn1.ASN1SequenceParser
org.bouncycastle.asn1.ASN1SequenceParser: org.bouncycastle.asn1.DEREncodable readObject()
org.bouncycastle.asn1.ASN1SetParser
org.bouncycastle.asn1.ASN1SetParser: org.bouncycastle.asn1.DEREncodable readObject()
org.bouncycastle.asn1.ASN1String
org.bouncycastle.asn1.ASN1String: java.lang.String getString()
org.bouncycastle.asn1.ASN1TaggedObjectParser
org.bouncycastle.asn1.ASN1TaggedObjectParser: int getTagNo()
org.bouncycastle.asn1.ASN1TaggedObjectParser: org.bouncycastle.asn1.DEREncodable getObjectParser(int,boolean)
org.bouncycastle.asn1.DEREncodable
org.bouncycastle.asn1.DEREncodable: org.bouncycastle.asn1.DERObject getDERObject()
org.bouncycastle.asn1.DERString
org.bouncycastle.asn1.DERTags
org.bouncycastle.asn1.DERTags: int BOOLEAN
org.bouncycastle.asn1.DERTags: int INTEGER
org.bouncycastle.asn1.DERTags: int BIT_STRING
org.bouncycastle.asn1.DERTags: int OCTET_STRING
org.bouncycastle.asn1.DERTags: int NULL
org.bouncycastle.asn1.DERTags: int OBJECT_IDENTIFIER
org.bouncycastle.asn1.DERTags: int EXTERNAL
org.bouncycastle.asn1.DERTags: int ENUMERATED
org.bouncycastle.asn1.DERTags: int SEQUENCE
org.bouncycastle.asn1.DERTags: int SEQUENCE_OF
org.bouncycastle.asn1.DERTags: int SET
org.bouncycastle.asn1.DERTags: int SET_OF
org.bouncycastle.asn1.DERTags: int NUMERIC_STRING
org.bouncycastle.asn1.DERTags: int PRINTABLE_STRING
org.bouncycastle.asn1.DERTags: int T61_STRING
org.bouncycastle.asn1.DERTags: int VIDEOTEX_STRING
org.bouncycastle.asn1.DERTags: int IA5_STRING
org.bouncycastle.asn1.DERTags: int UTC_TIME
org.bouncycastle.asn1.DERTags: int GENERALIZED_TIME
org.bouncycastle.asn1.DERTags: int GRAPHIC_STRING
org.bouncycastle.asn1.DERTags: int VISIBLE_STRING
org.bouncycastle.asn1.DERTags: int GENERAL_STRING
org.bouncycastle.asn1.DERTags: int UNIVERSAL_STRING
org.bouncycastle.asn1.DERTags: int BMP_STRING
org.bouncycastle.asn1.DERTags: int UTF8_STRING
org.bouncycastle.asn1.DERTags: int CONSTRUCTED
org.bouncycastle.asn1.DERTags: int APPLICATION
org.bouncycastle.asn1.DERTags: int TAGGED
org.bouncycastle.asn1.InMemoryRepresentable
org.bouncycastle.asn1.InMemoryRepresentable: org.bouncycastle.asn1.DERObject getLoadedObject()
org.bouncycastle.asn1.bc.BCObjectIdentifiers
org.bouncycastle.asn1.bc.BCObjectIdentifiers: org.bouncycastle.asn1.DERObjectIdentifier bc
org.bouncycastle.asn1.bc.BCObjectIdentifiers: org.bouncycastle.asn1.DERObjectIdentifier bc_pbe
org.bouncycastle.asn1.bc.BCObjectIdentifiers: org.bouncycastle.asn1.DERObjectIdentifier bc_pbe_sha1
org.bouncycastle.asn1.bc.BCObjectIdentifiers: org.bouncycastle.asn1.DERObjectIdentifier bc_pbe_sha256
org.bouncycastle.asn1.bc.BCObjectIdentifiers: org.bouncycastle.asn1.DERObjectIdentifier bc_pbe_sha384
org.bouncycastle.asn1.bc.BCObjectIdentifiers: org.bouncycastle.asn1.DERObjectIdentifier bc_pbe_sha512
org.bouncycastle.asn1.bc.BCObjectIdentifiers: org.bouncycastle.asn1.DERObjectIdentifier bc_pbe_sha224
org.bouncycastle.asn1.bc.BCObjectIdentifiers: org.bouncycastle.asn1.DERObjectIdentifier bc_pbe_sha1_pkcs5
org.bouncycastle.asn1.bc.BCObjectIdentifiers: org.bouncycastle.asn1.DERObjectIdentifier bc_pbe_sha1_pkcs12
org.bouncycastle.asn1.bc.BCObjectIdentifiers: org.bouncycastle.asn1.DERObjectIdentifier bc_pbe_sha256_pkcs5
org.bouncycastle.asn1.bc.BCObjectIdentifiers: org.bouncycastle.asn1.DERObjectIdentifier bc_pbe_sha256_pkcs12
org.bouncycastle.asn1.bc.BCObjectIdentifiers: org.bouncycastle.asn1.DERObjectIdentifier bc_pbe_sha1_pkcs12_aes128_cbc
org.bouncycastle.asn1.bc.BCObjectIdentifiers: org.bouncycastle.asn1.DERObjectIdentifier bc_pbe_sha1_pkcs12_aes192_cbc