AimhusterMap/proguard/mapping.txt
com.example.aimhustermap.AboutActivity -> com.example.aimhustermap.AboutActivity:
    android.widget.Button checkUpdate -> a
    android.widget.Button back -> b
    void onCreate(android.os.Bundle) -> onCreate
    void onResume() -> onResume
    void onPause() -> onPause
com.example.aimhustermap.AboutActivity$1 -> com.example.aimhustermap.a:
    com.example.aimhustermap.AboutActivity this$0 -> a
    void onClick(android.view.View) -> onClick
com.example.aimhustermap.AboutActivity$2 -> com.example.aimhustermap.b:
    com.example.aimhustermap.AboutActivity this$0 -> a
    void onClick(android.view.View) -> onClick
    com.example.aimhustermap.AboutActivity access$0(com.example.aimhustermap.AboutActivity$2) -> a
com.example.aimhustermap.AboutActivity$2$1 -> com.example.aimhustermap.c:
    com.example.aimhustermap.AboutActivity$2 this$1 -> a
    void onUpdateReturned(int,com.umeng.update.UpdateResponse) -> a
com.example.aimhustermap.BaseMap -> com.example.aimhustermap.BaseMap:
    com.example.aimhustermap.db.DatabaseSearcher mySearcher -> a
    boolean hasAdd -> b
    com.baidu.mapapi.map.TextOverlay mTextOverlay -> c
    com.baidu.mapapi.map.MapView mMapView -> s
    com.baidu.mapapi.map.MapController mMapController -> t
    com.baidu.mapapi.map.MKMapViewListener mMapListener -> d
    java.util.ArrayList items1 -> e
    android.os.Handler handler -> u
    java.util.Timer timer -> v
    java.util.ArrayList items -> f
    com.baidu.location.LocationClient mLocClient -> g
    com.baidu.mapapi.map.LocationData locData -> h
    com.example.aimhustermap.BaseMap$MyLocationListenner myListener -> i
    boolean isLocked -> w
    com.baidu.mapapi.map.MyLocationOverlay myLocationOverlay -> j
    com.example.aimhustermap.BaseMap$MyOverlay mOverlay -> x
    boolean isRequest -> k
    boolean isLocationClientStop -> l
    boolean isFirstToast -> m
    android.widget.ImageButton requestLocButton -> n
    java.lang.String[] navigate_place -> o
    int[] lat -> p
    int[] lon -> q
    int temp -> r
    void onCreate(android.os.Bundle) -> onCreate
    void clearLable() -> a
    void requestLocClick() -> b
    void onPause() -> onPause
    void onResume() -> onResume
    void onDestroy() -> onDestroy
    void onSaveInstanceState(android.os.Bundle) -> onSaveInstanceState
    void onRestoreInstanceState(android.os.Bundle) -> onRestoreInstanceState
com.example.aimhustermap.BaseMap$1 -> com.example.aimhustermap.d:
    com.example.aimhustermap.BaseMap this$0 -> a
    void handleMessage(android.os.Message) -> handleMessage
com.example.aimhustermap.BaseMap$2 -> com.example.aimhustermap.e:
    com.example.aimhustermap.BaseMap this$0 -> a
    void onClick(android.view.View) -> onClick
com.example.aimhustermap.BaseMap$3 -> com.example.aimhustermap.f:
    com.example.aimhustermap.BaseMap this$0 -> a
    void onClick(android.view.View) -> onClick
com.example.aimhustermap.BaseMap$4 -> com.example.aimhustermap.g:
    com.example.aimhustermap.BaseMap this$0 -> a
    void onMapMoveFinish() -> onMapMoveFinish
    void onClickMapPoi(com.baidu.mapapi.map.MapPoi) -> onClickMapPoi
    void onGetCurrentMap(android.graphics.Bitmap) -> onGetCurrentMap
    void onMapAnimationFinish() -> onMapAnimationFinish
com.example.aimhustermap.BaseMap$MyLocationListenner -> com.example.aimhustermap.h:
    com.example.aimhustermap.BaseMap this$0 -> a
    void onReceiveLocation(com.baidu.location.BDLocation) -> a
com.example.aimhustermap.BaseMap$MyLocationListenner$1 -> com.example.aimhustermap.i:
    com.example.aimhustermap.BaseMap$MyLocationListenner this$1 -> a
    void run() -> run
com.example.aimhustermap.BaseMap$MyOverlay -> com.example.aimhustermap.j:
    com.example.aimhustermap.BaseMap this$0 -> a
    boolean onTap(int) -> onTap
    boolean onTap(com.baidu.platform.comapi.basestruct.GeoPoint,com.baidu.mapapi.map.MapView) -> onTap
...
com.baidu.platform.comjni.engine.JNIEngine -> com.baidu.platform.comjni.engine.JNIEngine:
    int initClass(java.lang.Object,int) -> initClass
    boolean InitEngine(android.os.Bundle) -> InitEngine
    boolean UnInitEngine() -> UnInitEngine
    boolean StartSocketProc() -> StartSocketProc
com.baidu.platform.comjni.engine.a -> com.baidu.platform.comjni.engine.a:
    android.util.SparseArray a -> a
    void a(int,android.os.Handler) -> a
    void b(int,android.os.Handler) -> b
    void a() -> a
com.baidu.platform.comjni.map.basemap.BaseMapCallback -> com.baidu.platform.comjni.map.basemap.a:
    com.baidu.platform.comjni.map.basemap.BaseMapCallback a -> a
    boolean SetMapCallback(com.baidu.platform.comjni.map.basemap.BaseMapCallback) -> a
com.baidu.platform.comjni.map.basemap.JNIBaseMap -> com.baidu.platform.comjni.map.basemap.JNIBaseMap:
    int Create() -> Create
    int SetCallback(int,com.baidu.platform.comjni.map.basemap.BaseMapCallback) -> SetCallback
    int Release(int) -> Release
    boolean Init(int,java.lang.String,java.lang.String,java.lang.String,java.lang.String,java.lang.String,java.lang.String,int,int,int,int,int,int) -> Init
    void OnPause(int) -> OnPause
    void OnResume(int) -> OnResume
    void ResetImageRes(int) -> ResetImageRes
    void SetMapStatus(int,android.os.Bundle) -> SetMapStatus
    android.os.Bundle GetMapStatus(int) -> GetMapStatus
    void ShowSatelliteMap(int,boolean) -> ShowSatelliteMap
    void ShowTrafficMap(int,boolean) -> ShowTrafficMap
    void ShowLayers(int,int,boolean) -> ShowLayers
    void SetLayersClickable(int,int,boolean) -> SetLayersClickable
    void UpdateLayers(int,int) -> UpdateLayers
    int AddLayer(int,int,int,java.lang.String) -> AddLayer
    int RemoveLayer(int,int) -> RemoveLayer
    void ClearLayer(int,int) -> ClearLayer
    java.lang.String GetNearlyObjID(int,int,int,int,int) -> GetNearlyObjID
    java.lang.String ScrPtToGeoPoint(int,int,int) -> ScrPtToGeoPoint
    java.lang.String GeoPtToScrPoint(int,int,int) -> GeoPtToScrPoint
    void SaveScreenToLocal(int,java.lang.String) -> SaveScreenToLocal
    boolean OnRecordAdd(int,int) -> OnRecordAdd
    boolean OnRecordStart(int,int,boolean,int) -> OnRecordStart
com.baidu.platform.comjni.map.basemap.a -> com.baidu.platform.comjni.map.basemap.b:
    int a -> a
    com.baidu.platform.comjni.map.basemap.JNIBaseMap b -> b
    com.baidu.platform.comjni.map.basemap.BaseMapCallback c -> c
    boolean a(com.baidu.platform.comjni.map.basemap.BaseMapCallback) -> a
    boolean a() -> a
    boolean b() -> b
    int c() -> c
    boolean a(java.lang.String,java.lang.String,java.lang.String,java.lang.String,java.lang.String,java.lang.String,int,int,int,int,int,int) -> a
    void d() -> d
    void e() -> e
    void f() -> f
    void a(android.os.Bundle) -> a
    android.os.Bundle g() -> g
    void a(boolean) -> a
    void b(boolean) -> b
    void a(int,boolean) -> a
    void b$2563266(int) -> a
    void a(int) -> b
    int a(int,int,java.lang.String) -> a
    int b(int) -> c
    void c(int) -> d
    java.lang.String a(int,int,int,int) -> a
    java.lang.String a(int,int) -> a
    java.lang.String b(int,int) -> b
    void a(java.lang.String) -> a
    boolean d(int) -> e
    boolean a$48708d61(int) -> f
    boolean b$48708d61(int,boolean) -> b
    boolean c$256326a(int) -> g
    java.lang.String h() -> h
    java.lang.String e(int) -> h
    boolean c(boolean) -> c
    java.lang.String i() -> i
    java.lang.String b(java.lang.String) -> b
    void c(int,int) -> c
    void b(android.os.Bundle) -> b
    void c(android.os.Bundle) -> c
    boolean d(android.os.Bundle) -> d
    void e(android.os.Bundle) -> e
    int f(android.os.Bundle) -> f
com.baidu.platform.comjni.map.commonmemcache.JNICommonMemCache -> com.baidu.platform.comjni.map.commonmemcache.JNICommonMemCache:
    int Create() -> Create
    int Release(int) -> Release
    void Init(int,android.os.Bundle) -> Init