AimhusterMap/proguard/usage.txt
com.example.aimhustermap.BMapUtil
com.example.aimhustermap.BuildConfig
com.example.aimhustermap.Lanucher_Activity:
    private static final int GO_HOME
    private static final int GO_GUIDE
    private static final long SPLASH_DELAY_MILLIS
    private static final java.lang.String SHAREDPREFERENCES_NAME
com.example.aimhustermap.ManagerApp:
    public static final java.lang.String strKey
    37:37:public java.util.List MainActivity()
com.example.aimhustermap.Manifest
com.example.aimhustermap.Manifest$permission
com.example.aimhustermap.R:
    10:10:public R()
com.example.aimhustermap.ShowDetail_Activity:
    public java.lang.String phonenum
    public int _id
    public int image_id
    public java.lang.String mobilePhone
    public java.lang.String familyPhone
    public java.lang.String position
    public java.lang.String company
    public java.lang.String zipCode
    public java.lang.String email
    public java.lang.String otherContact
    public java.lang.String remark
com.example.aimhustermap.ViewUtil:
    15:15:public int getWidth()
    27:27:public int getLeft()
com.example.aimhustermap.adapter.FenleiAdapter:
    int flag
com.example.aimhustermap.adapter.ViewPagerAdapter:
    private static final java.lang.String SHAREDPREFERENCES_NAME
com.example.aimhustermap.db.DatabaseHust:
    public static final java.lang.String ID
    public static final java.lang.String BUILDINGNAME
    public static final java.lang.String OFFICEROOM
    public static final java.lang.String OFFICENAME
    public static final java.lang.String OFFICEPHONE
    public static final java.lang.String LON
    public static final java.lang.String LAT
    public static final java.lang.String SORT
    public static final java.lang.String RANK
    public static final java.lang.String RANKDEEP
    public static final int IDINDEX
    public static final int BUILDDINGINDEX
    public static final int ROOMINDEX
    public static final int NAMEINDEX
    public static final int PHONEINDEX
    public static final int LONINDEX
    public static final int LATINDEX
    public static final int SORTINDEX
    public static final int RANKINDEX
    public static final int RANKDEEPINDEX
    public static final int CURSORNAMEINDEX
    public static final java.lang.String DATABASENAME
    public static final java.lang.String DB_PATH
    public static final java.lang.String DB_NAME
com.example.aimhustermap.db.DatabaseSearcher:
    306:339:public java.util.List sortGeo(java.lang.String)
com.example.aimhustermap.util.CipherUtil:
    public static final int CIPH_ECOUNT
    22:22:public CipherUtil()
    41:41:public static java.lang.String encryptString(java.lang.String)
    51:54:public static java.lang.String encryptString(java.lang.String,int)
    95:120:public static void encryptByAES(java.lang.String,java.lang.String,javax.crypto.SecretKey)
    171:199:public static java.lang.String crypt(java.lang.String,javax.crypto.Cipher)
    274:288:private static java.lang.String encodeBySHA(java.lang.String)
    302:306:private static java.lang.String byteArrayToHexString(byte[])
    315:321:private static java.lang.String byteToHexString(byte)
...
org.bouncycastle.crypto.prng.ThreadedSeedGenerator
org.bouncycastle.crypto.prng.ThreadedSeedGenerator$1
org.bouncycastle.crypto.prng.ThreadedSeedGenerator$SeedGenerator
org.bouncycastle.crypto.prng.VMPCRandomGenerator
org.bouncycastle.crypto.signers.DSADigestSigner
org.bouncycastle.crypto.signers.DSASigner
org.bouncycastle.crypto.signers.ECDSASigner
org.bouncycastle.crypto.signers.ECGOST3410Signer
org.bouncycastle.crypto.signers.ECNRSigner
org.bouncycastle.crypto.signers.GOST3410Signer
org.bouncycastle.crypto.signers.GenericSigner
org.bouncycastle.crypto.signers.ISO9796d2PSSSigner
org.bouncycastle.crypto.signers.ISO9796d2Signer
org.bouncycastle.crypto.signers.PSSSigner
org.bouncycastle.crypto.signers.RSADigestSigner
org.bouncycastle.crypto.tls.AlertDescription
org.bouncycastle.crypto.tls.AlertLevel
org.bouncycastle.crypto.tls.AlwaysValidVerifyer
org.bouncycastle.crypto.tls.ByteQueue
org.bouncycastle.crypto.tls.Certificate:
    protected static org.bouncycastle.crypto.tls.Certificate parse(java.io.InputStream)
    protected void encode(java.io.OutputStream)
    public org.bouncycastle.asn1.x509.X509CertificateStructure[] getCerts()
    public boolean isEmpty()
org.bouncycastle.crypto.tls.CertificateRequest:
    private short[] certificateTypes
    private java.util.Vector certificateAuthorities
    public CertificateRequest(short[],java.util.Vector)
    public short[] getCertificateTypes()
    public java.util.Vector getCertificateAuthorities()
org.bouncycastle.crypto.tls.CipherSuite
org.bouncycastle.crypto.tls.ClientCertificateType
org.bouncycastle.crypto.tls.CombinedHash
org.bouncycastle.crypto.tls.CompressionMethod
org.bouncycastle.crypto.tls.ContentType
org.bouncycastle.crypto.tls.DefaultTlsAgreementCredentials
org.bouncycastle.crypto.tls.DefaultTlsCipherFactory
org.bouncycastle.crypto.tls.DefaultTlsClient
org.bouncycastle.crypto.tls.DefaultTlsSignerCredentials
org.bouncycastle.crypto.tls.DigestAlgorithm
org.bouncycastle.crypto.tls.ECCurveType
org.bouncycastle.crypto.tls.ECPointFormat
org.bouncycastle.crypto.tls.EncryptionAlgorithm
org.bouncycastle.crypto.tls.ExtensionType
org.bouncycastle.crypto.tls.HandshakeType
org.bouncycastle.crypto.tls.KeyExchangeAlgorithm
org.bouncycastle.crypto.tls.LegacyTlsAuthentication
org.bouncycastle.crypto.tls.LegacyTlsClient
org.bouncycastle.crypto.tls.NamedCurve
org.bouncycastle.crypto.tls.RecordStream
org.bouncycastle.crypto.tls.SRPTlsClient
org.bouncycastle.crypto.tls.SecurityParameters:
    byte[] clientRandom
    byte[] serverRandom
    byte[] masterSecret
    public SecurityParameters()
    public byte[] getClientRandom()
    public byte[] getServerRandom()
    public byte[] getMasterSecret()
org.bouncycastle.crypto.tls.TlsBlockCipher
org.bouncycastle.crypto.tls.TlsClientContextImpl
org.bouncycastle.crypto.tls.TlsDHEKeyExchange
org.bouncycastle.crypto.tls.TlsDHKeyExchange
org.bouncycastle.crypto.tls.TlsDSASigner
org.bouncycastle.crypto.tls.TlsDSSSigner
org.bouncycastle.crypto.tls.TlsECDHEKeyExchange
org.bouncycastle.crypto.tls.TlsECDHKeyExchange
org.bouncycastle.crypto.tls.TlsECDSASigner
org.bouncycastle.crypto.tls.TlsFatalAlert
org.bouncycastle.crypto.tls.TlsInputStream
org.bouncycastle.crypto.tls.TlsMac
org.bouncycastle.crypto.tls.TlsNullCipher
org.bouncycastle.crypto.tls.TlsNullCompression
org.bouncycastle.crypto.tls.TlsOutputStream
org.bouncycastle.crypto.tls.TlsProtocolHandler
org.bouncycastle.crypto.tls.TlsRSAKeyExchange
org.bouncycastle.crypto.tls.TlsRSASigner
org.bouncycastle.crypto.tls.TlsRuntimeException
org.bouncycastle.crypto.tls.TlsSRPKeyExchange
org.bouncycastle.crypto.tls.TlsUtils
org.bouncycastle.crypto.util.Pack:
    public Pack()
    public static long bigEndianToLong(byte[],int)
    public static void longToBigEndian(long,byte[],int)
    public static int littleEndianToInt(byte[],int)
    public static void intToLittleEndian(int,byte[],int)
    public static long littleEndianToLong(byte[],int)
    public static void longToLittleEndian(long,byte[],int)